<?xml version="1.0" encoding="UTF-8"?>
<!-- Generated by org.testng.reporters.JUnitReportReporter -->
<testsuite skipped="0" hostname="DELL-PC" name="utilities.test_DataProvider" tests="4" failures="0" timestamp="24 Nov 2020 10:11:11 GMT" time="0.012" errors="0">
  <testcase name="carInsuranceTestCase" time="0.001" classname="utilities.test_DataProvider"/>
  <testcase name="carInsuranceTestCase" time="0.001" classname="utilities.test_DataProvider"/>
  <testcase name="carInsuranceTestCase" time="0.008" classname="utilities.test_DataProvider"/>
  <testcase name="carInsuranceTestCase" time="0.002" classname="utilities.test_DataProvider"/>
</testsuite> <!-- utilities.test_DataProvider -->
