<?xml version="1.0" encoding="UTF-8"?>
<!-- Generated by org.testng.reporters.JUnitReportReporter -->
<testsuite hostname="DESKTOP-36K4U8M" failures="0" tests="2" name="testClass.SmokeTest" time="46.845" errors="0" timestamp="31 Oct 2020 22:15:12 GMT" skipped="0">
  <testcase classname="testClass.SmokeTest" name="HealthInsuranceTestCase" time="19.751"/>
  <testcase classname="testClass.SmokeTest" name="Navigation" time="27.094"/>
</testsuite> <!-- testClass.SmokeTest -->
