<?xml version="1.0" encoding="UTF-8"?>
<!-- Generated by org.testng.reporters.JUnitReportReporter -->
<testsuite skipped="0" hostname="DELL-PC" name="utilities.test_DataProvider" tests="4" failures="0" timestamp="21 Nov 2020 14:28:46 GMT" time="0.005" errors="0">
  <testcase name="carInsuranceTestCase" time="0.001" classname="utilities.test_DataProvider"/>
  <testcase name="carInsuranceTestCase" time="0.001" classname="utilities.test_DataProvider"/>
  <testcase name="carInsuranceTestCase" time="0.001" classname="utilities.test_DataProvider"/>
  <testcase name="carInsuranceTestCase" time="0.002" classname="utilities.test_DataProvider"/>
</testsuite> <!-- utilities.test_DataProvider -->
