<?xml version="1.0" encoding="UTF-8"?>
<!-- Generated by org.testng.reporters.JUnitReportReporter -->
<testsuite hostname="DESKTOP-36K4U8M" failures="0" tests="5" name="utilities.testDataProvider" time="0.015" errors="0" timestamp="31 Oct 2020 01:46:19 GMT" skipped="0">
  <testcase classname="utilities.testDataProvider" name="carInsuranceTestCase" time="0.001"/>
  <testcase classname="utilities.testDataProvider" name="carInsuranceTestCase" time="0.001"/>
  <testcase classname="utilities.testDataProvider" name="carInsuranceTestCase" time="0.002"/>
  <testcase classname="utilities.testDataProvider" name="carInsuranceTestCase" time="0.010"/>
  <testcase classname="utilities.testDataProvider" name="carInsuranceTestCase" time="0.001"/>
</testsuite> <!-- utilities.testDataProvider -->
